\BOOKMARK [0][-]{chapter.1}{Introduction}{}% 1
\BOOKMARK [1][-]{section.1.1}{Motivations et objectifs}{chapter.1}% 2
\BOOKMARK [1][-]{section.1.2}{Structure du rapport}{chapter.1}% 3
\BOOKMARK [0][-]{chapter.2}{Domaine m\351tier}{}% 4
\BOOKMARK [1][-]{section.2.1}{Analyse}{chapter.2}% 5
\BOOKMARK [1][-]{section.2.2}{Probl\351matique}{chapter.2}% 6
\BOOKMARK [1][-]{section.2.3}{Choix des technologies}{chapter.2}% 7
\BOOKMARK [0][-]{chapter.3}{L'application}{}% 8
\BOOKMARK [1][-]{section.3.1}{Authentification \046 \351cran d'accueil - Sc\351nario I}{chapter.3}% 9
\BOOKMARK [1][-]{section.3.2}{Mise en bourse d'un service - Sc\351nario II}{chapter.3}% 10
\BOOKMARK [1][-]{section.3.3}{Postuler pour un service - Sc\351nario III}{chapter.3}% 11
\BOOKMARK [1][-]{section.3.4}{Valider un \351change - Sc\351nario IV}{chapter.3}% 12
\BOOKMARK [1][-]{section.3.5}{Ajouter un service - Sc\351nario V}{chapter.3}% 13
\BOOKMARK [1][-]{section.3.6}{Ajouter un serveur - Sc\351nario VI}{chapter.3}% 14
\BOOKMARK [1][-]{section.3.7}{Doublages - Sc\351nario VII}{chapter.3}% 15
\BOOKMARK [0][-]{chapter.4}{\311l\351ments de programmation}{}% 16
\BOOKMARK [1][-]{section.4.1}{Flutter}{chapter.4}% 17
\BOOKMARK [2][-]{subsection.4.1.1}{Dart}{section.4.1}% 18
\BOOKMARK [2][-]{subsection.4.1.2}{Architecture}{section.4.1}% 19
\BOOKMARK [2][-]{subsection.4.1.3}{Les widgets}{section.4.1}% 20
\BOOKMARK [2][-]{subsection.4.1.4}{Flux de donn\351es}{section.4.1}% 21
\BOOKMARK [1][-]{section.4.2}{La base de donn\351es}{chapter.4}% 22
\BOOKMARK [2][-]{subsection.4.2.1}{La m\351thodologie REST}{section.4.2}% 23
\BOOKMARK [2][-]{subsection.4.2.2}{REST appliqu\351 \340 Dart}{section.4.2}% 24
\BOOKMARK [1][-]{section.4.3}{Authentification}{chapter.4}% 25
\BOOKMARK [0][-]{chapter.5}{Conclusion}{}% 26
